<persistence xmlns:xsi="http://www.w3.org/2001/XMLSchema-instance"
             xmlns="http://xmlns.jcp.org/xml/ns/persistence"
             xsi:schemaLocation="http://xmlns.jcp.org/xml/ns/persistence http://xmlns.jcp.org/xml/ns/persistence/persistence_2_1.xsd"
             version="2.1">

    <persistence-unit name="richardburton_testing">
        <description>RichardBurton Testing Persistence Unit</description>
        <provider>org.hibernate.jpa.HibernatePersistenceProvider</provider>
        <jta-data-source>${wildfly.test.datasource.name}</jta-data-source>

        <properties>

            <property name="hibernate.hbm2ddl.auto" value="create-drop"/>
            <property name="hibernate.dialect" value="${wildfly.test.datasource.dialect}"/>
            <property name="hibernate.search.default.directory_provider" value="filesystem"/>
            <property name="hibernate.search.default.indexBase" value="${hibernate.search.test.indexBase}"/>
        </properties>

    </persistence-unit>

</persistence>